<?xml version="1.0" encoding="UTF-8" ?>
<testsuite errors="0" failures="1" hostname="PRTNXR7PB00313" name="org.product.ProductServiceTests" tests="1" time="0.251" timestamp="2012-11-14T09:45:51">
  <properties />
  <testcase classname="org.product.ProductServiceTests" name="testSomething" time="0.22">
    <failure message="junit.framework.AssertionFailedError: Implement me" type="junit.framework.AssertionFailedError">junit.framework.AssertionFailedError: junit.framework.AssertionFailedError: Implement me
	at org.product.ProductServiceTests.testSomething(ProductServiceTests.groovy:15)
</failure>
  </testcase>
  <system-out><![CDATA[--Output from testSomething--
]]></system-out>
  <system-err><![CDATA[--Output from testSomething--
]]></system-err>
</testsuite>
